2025-03-10T01:47:09.680-03:00 - error: Database connection failed: SequelizeConnectionError: Unknown database 'presencemanager' - D:\Repository\presenceManager\src\services\http.service.ts)
2025-03-10T01:47:14.690-03:00 - error: Database connection failed: SequelizeConnectionError: Unknown database 'presencemanager' - D:\Repository\presenceManager\src\services\http.service.ts)
2025-03-10T01:47:19.697-03:00 - error: Database connection failed: SequelizeConnectionError: Unknown database 'presencemanager' - D:\Repository\presenceManager\src\services\http.service.ts)
2025-03-10T01:47:24.701-03:00 - error: Database connection failed: SequelizeConnectionError: Unknown database 'presencemanager' - D:\Repository\presenceManager\src\services\http.service.ts)
2025-03-10T01:47:29.719-03:00 - error: Database connection failed: SequelizeConnectionError: Unknown database 'presencemanager' - D:\Repository\presenceManager\src\services\http.service.ts)
2025-03-10T01:47:34.736-03:00 - error: Database connection failed: SequelizeConnectionError: Unknown database 'presencemanager' - D:\Repository\presenceManager\src\services\http.service.ts)
2025-03-15T16:40:21.171-03:00 - error: Error in create user SequelizeDatabaseError: Data truncated for column 'gender' at row 1 - D:\Repository\presenceManager\src\controller\user.controller.ts)
2025-03-15T16:47:22.561-03:00 - error: Error in create user SequelizeDatabaseError: Data truncated for column 'gender' at row 1 - D:\Repository\presenceManager\src\controller\user.controller.ts)
2025-03-15T16:47:41.165-03:00 - error: Error in create user SequelizeDatabaseError: Data truncated for column 'gender' at row 1 - D:\Repository\presenceManager\src\controller\user.controller.ts)
2025-03-15T16:47:42.135-03:00 - error: Error in create user SequelizeDatabaseError: Data truncated for column 'gender' at row 1 - D:\Repository\presenceManager\src\controller\user.controller.ts)
2025-03-15T16:49:46.922-03:00 - error: Error in create user SequelizeDatabaseError: Data truncated for column 'gender' at row 1 - D:\Repository\presenceManager\src\controller\user.controller.ts)
2025-03-15T16:49:53.772-03:00 - error: Error in create user SequelizeDatabaseError: Data truncated for column 'gender' at row 1 - D:\Repository\presenceManager\src\controller\user.controller.ts)
2025-03-15T16:50:04.707-03:00 - error: Error in create user SequelizeDatabaseError: Data truncated for column 'gender' at row 1 - D:\Repository\presenceManager\src\controller\user.controller.ts)
2025-03-15T16:50:05.520-03:00 - error: Error in create user SequelizeDatabaseError: Data truncated for column 'gender' at row 1 - D:\Repository\presenceManager\src\controller\user.controller.ts)
2025-03-15T16:53:06.699-03:00 - error: Error in create user SequelizeDatabaseError: Data truncated for column 'gender' at row 1 - D:\Repository\presenceManager\src\controller\user.controller.ts)
2025-05-27T14:14:54.777-03:00 - error: Database connection failed: SequelizeConnectionRefusedError - D:\Repository\presenceManager\backend\src\services\http.service.ts)
2025-05-27T16:58:09.827-03:00 - error: Failed to register routes: TSError: тип Unable to compile TypeScript:
[96msrc/routes/routes.ts[0m:[93m15[0m:[93m30[0m - [91merror[0m[90m TS2769: [0mNo overload matches this call.
  The last overload gave the following error.
    Argument of type '(req: Request<ParamsDictionary, any, any, ParsedQs, Record<string, any>>, res: Response<any, Record<string, any>>) => Promise<...>' is not assignable to parameter of type 'Application<Record<string, any>>'.
      Type '(req: Request<ParamsDictionary, any, any, ParsedQs, Record<string, any>>, res: Response<any, Record<string, any>>) => Promise<...>' is missing the following properties from type 'Application<Record<string, any>>': init, defaultConfiguration, engine, set, and 63 more.

[7m15[0m mainRoutes.post('/presence', PresenceController.createPresence);
[7m  [0m [91m                             ~~~~~~~~~~~~~~~~~~~~~~~~~~~~~~~~~[0m

  [96mnode_modules/@types/express-serve-static-core/index.d.ts[0m:[93m168[0m:[93m5[0m
    [7m168[0m     (path: PathParams, subApplication: Application): T;
    [7m   [0m [96m    ~~~~~~~~~~~~~~~~~~~~~~~~~~~~~~~~~~~~~~~~~~~~~~~~~~~[0m
    The last overload is declared here.
 - D:\Repository\presenceManager\backend\src\services\http.service.ts)
2025-05-27T16:58:57.002-03:00 - error: Failed to register routes: TSError: тип Unable to compile TypeScript:
[96msrc/routes/routes.ts[0m:[93m15[0m:[93m30[0m - [91merror[0m[90m TS2769: [0mNo overload matches this call.
  The last overload gave the following error.
    Argument of type '(req: Request<ParamsDictionary, any, any, ParsedQs, Record<string, any>>, res: Response<any, Record<string, any>>) => Promise<...>' is not assignable to parameter of type 'Application<Record<string, any>>'.
      Type '(req: Request<ParamsDictionary, any, any, ParsedQs, Record<string, any>>, res: Response<any, Record<string, any>>) => Promise<...>' is missing the following properties from type 'Application<Record<string, any>>': init, defaultConfiguration, engine, set, and 63 more.

[7m15[0m mainRoutes.post('/presence', PresenceController.createPresence);
[7m  [0m [91m                             ~~~~~~~~~~~~~~~~~~~~~~~~~~~~~~~~~[0m

  [96mnode_modules/@types/express-serve-static-core/index.d.ts[0m:[93m168[0m:[93m5[0m
    [7m168[0m     (path: PathParams, subApplication: Application): T;
    [7m   [0m [96m    ~~~~~~~~~~~~~~~~~~~~~~~~~~~~~~~~~~~~~~~~~~~~~~~~~~~[0m
    The last overload is declared here.
 - D:\Repository\presenceManager\backend\src\services\http.service.ts)
2025-05-27T16:59:11.329-03:00 - error: Failed to register routes: TSError: тип Unable to compile TypeScript:
[96msrc/routes/routes.ts[0m:[93m15[0m:[93m30[0m - [91merror[0m[90m TS2769: [0mNo overload matches this call.
  The last overload gave the following error.
    Argument of type '(req: Request<ParamsDictionary, any, any, ParsedQs, Record<string, any>>, res: Response<any, Record<string, any>>) => Promise<...>' is not assignable to parameter of type 'Application<Record<string, any>>'.
      Type '(req: Request<ParamsDictionary, any, any, ParsedQs, Record<string, any>>, res: Response<any, Record<string, any>>) => Promise<...>' is missing the following properties from type 'Application<Record<string, any>>': init, defaultConfiguration, engine, set, and 63 more.

[7m15[0m mainRoutes.post('/presence', PresenceController.createPresence);
[7m  [0m [91m                             ~~~~~~~~~~~~~~~~~~~~~~~~~~~~~~~~~[0m

  [96mnode_modules/@types/express-serve-static-core/index.d.ts[0m:[93m168[0m:[93m5[0m
    [7m168[0m     (path: PathParams, subApplication: Application): T;
    [7m   [0m [96m    ~~~~~~~~~~~~~~~~~~~~~~~~~~~~~~~~~~~~~~~~~~~~~~~~~~~[0m
    The last overload is declared here.
 - D:\Repository\presenceManager\backend\src\services\http.service.ts)
2025-05-27T18:03:51.677-03:00 - error: Database connection failed: SequelizeConnectionRefusedError: connect ECONNREFUSED 127.0.0.1:3306 - D:\Repository\presenceManager\backend\src\services\http.service.ts)
2025-05-27T18:03:56.683-03:00 - error: Database connection failed: SequelizeConnectionRefusedError: connect ECONNREFUSED 127.0.0.1:3306 - D:\Repository\presenceManager\backend\src\services\http.service.ts)
2025-05-27T18:04:01.697-03:00 - error: Database connection failed: SequelizeConnectionRefusedError: connect ECONNREFUSED 127.0.0.1:3306 - D:\Repository\presenceManager\backend\src\services\http.service.ts)
2025-05-27T18:04:06.702-03:00 - error: Database connection failed: SequelizeConnectionRefusedError: connect ECONNREFUSED 127.0.0.1:3306 - D:\Repository\presenceManager\backend\src\services\http.service.ts)
2025-05-27T18:04:11.717-03:00 - error: Database connection failed: SequelizeConnectionRefusedError: connect ECONNREFUSED 127.0.0.1:3306 - D:\Repository\presenceManager\backend\src\services\http.service.ts)
