2025-03-10T01:47:09.502-03:00 - info: Routes registered successfully.)
2025-03-10T02:05:29.921-03:00 - info: Routes registered successfully.)
2025-03-10T02:05:29.951-03:00 - info: Database connected successfully. - D:\Repository\presenceManager\src\services\http.service.ts)
2025-03-10T02:05:29.955-03:00 - info: Server is running on http://localhost:3000 - D:\Repository\presenceManager\src\services\http.service.ts)
2025-03-10T02:22:14.854-03:00 - info: Routes registered successfully.)
2025-03-10T02:22:14.880-03:00 - info: Database connected successfully. - D:\Repository\presenceManager\src\services\http.service.ts)
2025-03-10T02:22:14.884-03:00 - info: Server is running on http://localhost:3000 - D:\Repository\presenceManager\src\services\http.service.ts)
2025-03-10T02:22:16.550-03:00 - info: Users retrieved successfully: D:\Repository\presenceManager\src\controller\user.controller.ts)
2025-03-10T02:25:35.840-03:00 - info: Routes registered successfully.)
2025-03-10T02:25:35.867-03:00 - info: Database connected successfully. - D:\Repository\presenceManager\src\services\http.service.ts)
2025-03-10T02:25:35.871-03:00 - info: Server is running on http://localhost:3000 - D:\Repository\presenceManager\src\services\http.service.ts)
2025-03-10T02:25:37.699-03:00 - info: Users retrieved successfully: D:\Repository\presenceManager\src\controller\user.controller.ts)
2025-03-10T02:26:23.809-03:00 - info: User deleted successfully: D:\Repository\presenceManager\src\controller\user.controller.ts)
2025-03-10T02:26:26.635-03:00 - info: Users retrieved successfully: D:\Repository\presenceManager\src\controller\user.controller.ts)
2025-03-10T02:26:49.624-03:00 - info: User deleted successfully: D:\Repository\presenceManager\src\controller\user.controller.ts)
2025-03-10T13:44:46.776-03:00 - info: Routes registered successfully.)
2025-03-10T13:44:46.824-03:00 - info: Database connected successfully. - D:\Repository\presenceManager\src\services\http.service.ts)
2025-03-10T13:44:46.828-03:00 - info: Server is running on http://localhost:3000 - D:\Repository\presenceManager\src\services\http.service.ts)
2025-03-10T13:47:43.560-03:00 - info: Routes registered successfully.)
2025-03-10T13:47:43.595-03:00 - info: Database connected successfully. - D:\Repository\presenceManager\src\services\http.service.ts)
2025-03-10T13:47:43.602-03:00 - info: Server is running on http://localhost:3000 - D:\Repository\presenceManager\src\services\http.service.ts)
2025-03-15T16:37:30.914-03:00 - info: Routes registered successfully.)
2025-03-15T16:37:32.015-03:00 - info: Database connected successfully. - D:\Repository\presenceManager\src\services\http.service.ts)
2025-03-15T16:37:32.026-03:00 - info: Server is running on http://localhost:3000 - D:\Repository\presenceManager\src\services\http.service.ts)
2025-03-15T16:40:18.307-03:00 - info: Routes registered successfully.)
2025-03-15T16:40:18.333-03:00 - info: Database connected successfully. - D:\Repository\presenceManager\src\services\http.service.ts)
2025-03-15T16:40:18.337-03:00 - info: Server is running on http://localhost:3000 - D:\Repository\presenceManager\src\services\http.service.ts)
2025-03-15T16:41:00.788-03:00 - info: User Created successfully - D:\Repository\presenceManager\src\controller\user.controller.ts)
2025-03-15T16:43:25.370-03:00 - info: Routes registered successfully.)
2025-03-15T16:43:25.397-03:00 - info: Database connected successfully. - D:\Repository\presenceManager\src\services\http.service.ts)
2025-03-15T16:43:25.402-03:00 - info: Server is running on http://localhost:3000 - D:\Repository\presenceManager\src\services\http.service.ts)
2025-03-15T16:43:36.544-03:00 - info: Presence created for user: dbeb74fa-3c77-4f66-ab1c-070776074982 - D:\Repository\presenceManager\src\controller\presence.controller.ts)
2025-03-15T16:43:44.924-03:00 - info: Presence updated for user: dbeb74fa-3c77-4f66-ab1c-070776074982)
2025-03-15T16:44:14.506-03:00 - info: Presence updated for user: dbeb74fa-3c77-4f66-ab1c-070776074982)
2025-03-15T16:45:40.959-03:00 - info: Routes registered successfully.)
2025-03-15T16:45:40.986-03:00 - info: Database connected successfully. - D:\Repository\presenceManager\src\services\http.service.ts)
2025-03-15T16:45:40.989-03:00 - info: Server is running on http://localhost:3000 - D:\Repository\presenceManager\src\services\http.service.ts)
2025-03-15T16:45:44.837-03:00 - info: Presence updated for user: dbeb74fa-3c77-4f66-ab1c-070776074982)
2025-03-15T16:45:45.689-03:00 - info: Presence updated for user: dbeb74fa-3c77-4f66-ab1c-070776074982)
2025-03-15T16:45:46.423-03:00 - info: Presence updated for user: dbeb74fa-3c77-4f66-ab1c-070776074982)
2025-03-15T16:45:46.929-03:00 - info: Presence updated for user: dbeb74fa-3c77-4f66-ab1c-070776074982)
2025-03-15T16:45:47.463-03:00 - info: Presence updated for user: dbeb74fa-3c77-4f66-ab1c-070776074982)
2025-03-15T16:47:20.550-03:00 - info: Routes registered successfully.)
2025-03-15T16:47:20.577-03:00 - info: Database connected successfully. - D:\Repository\presenceManager\src\services\http.service.ts)
2025-03-15T16:47:20.581-03:00 - info: Server is running on http://localhost:3000 - D:\Repository\presenceManager\src\services\http.service.ts)
2025-03-15T16:47:38.090-03:00 - info: Routes registered successfully.)
2025-03-15T16:47:38.117-03:00 - info: Database connected successfully. - D:\Repository\presenceManager\src\services\http.service.ts)
2025-03-15T16:47:38.120-03:00 - info: Server is running on http://localhost:3000 - D:\Repository\presenceManager\src\services\http.service.ts)
2025-03-15T16:49:42.735-03:00 - info: Routes registered successfully.)
2025-03-15T16:49:42.762-03:00 - info: Database connected successfully. - D:\Repository\presenceManager\src\services\http.service.ts)
2025-03-15T16:49:42.765-03:00 - info: Server is running on http://localhost:3000 - D:\Repository\presenceManager\src\services\http.service.ts)
2025-03-15T16:50:01.326-03:00 - info: Routes registered successfully.)
2025-03-15T16:50:01.352-03:00 - info: Database connected successfully. - D:\Repository\presenceManager\src\services\http.service.ts)
2025-03-15T16:50:01.356-03:00 - info: Server is running on http://localhost:3000 - D:\Repository\presenceManager\src\services\http.service.ts)
2025-03-15T16:50:22.495-03:00 - info: User Created successfully - D:\Repository\presenceManager\src\controller\user.controller.ts)
2025-03-15T16:51:01.893-03:00 - info: Routes registered successfully.)
2025-03-15T16:51:01.919-03:00 - info: Database connected successfully. - D:\Repository\presenceManager\src\services\http.service.ts)
2025-03-15T16:51:01.923-03:00 - info: Server is running on http://localhost:3000 - D:\Repository\presenceManager\src\services\http.service.ts)
2025-03-15T16:51:22.054-03:00 - info: User Created successfully - D:\Repository\presenceManager\src\controller\user.controller.ts)
2025-03-15T16:52:53.512-03:00 - info: Routes registered successfully.)
2025-03-15T16:52:53.538-03:00 - info: Database connected successfully. - D:\Repository\presenceManager\src\services\http.service.ts)
2025-03-15T16:52:53.542-03:00 - info: Server is running on http://localhost:3000 - D:\Repository\presenceManager\src\services\http.service.ts)
2025-03-15T16:54:01.357-03:00 - info: Routes registered successfully.)
2025-03-15T16:54:01.389-03:00 - info: Database connected successfully. - D:\Repository\presenceManager\src\services\http.service.ts)
2025-03-15T16:54:01.394-03:00 - info: Server is running on http://localhost:3000 - D:\Repository\presenceManager\src\services\http.service.ts)
2025-03-15T16:54:07.406-03:00 - info: Routes registered successfully.)
2025-03-15T16:54:07.435-03:00 - info: Database connected successfully. - D:\Repository\presenceManager\src\services\http.service.ts)
2025-03-15T16:54:07.441-03:00 - info: Server is running on http://localhost:3000 - D:\Repository\presenceManager\src\services\http.service.ts)
2025-03-15T16:54:11.303-03:00 - info: Routes registered successfully.)
2025-03-15T16:54:11.332-03:00 - info: Database connected successfully. - D:\Repository\presenceManager\src\services\http.service.ts)
2025-03-15T16:54:11.337-03:00 - info: Server is running on http://localhost:3000 - D:\Repository\presenceManager\src\services\http.service.ts)
2025-03-15T22:58:47.283-03:00 - info: Routes registered successfully.)
2025-03-15T22:58:47.350-03:00 - info: Database connected successfully. - D:\Repository\presenceManager\src\services\http.service.ts)
2025-03-15T22:58:47.360-03:00 - info: Server is running on http://localhost:3000 - D:\Repository\presenceManager\src\services\http.service.ts)
2025-03-15T23:00:21.127-03:00 - info: Presence created for user: c53b871a-b10b-46ce-95da-bc07ca40ee7a - D:\Repository\presenceManager\src\controller\presence.controller.ts)
2025-03-15T23:01:30.921-03:00 - info: Routes registered successfully.)
2025-03-15T23:01:30.964-03:00 - info: Database connected successfully. - D:\Repository\presenceManager\src\services\http.service.ts)
2025-03-15T23:01:30.970-03:00 - info: Server is running on http://localhost:3000 - D:\Repository\presenceManager\src\services\http.service.ts)
2025-03-15T23:01:32.840-03:00 - info: Presence updated successfully - D:\Repository\presenceManager\src\controller\presence.controller.ts)
2025-03-15T23:01:44.890-03:00 - info: Presence updated successfully - D:\Repository\presenceManager\src\controller\presence.controller.ts)
2025-03-15T23:01:45.738-03:00 - info: Presence updated successfully - D:\Repository\presenceManager\src\controller\presence.controller.ts)
2025-03-28T15:44:03.746-03:00 - info: Routes registered successfully.)
2025-03-28T15:44:03.914-03:00 - info: Database connected successfully. - D:\Repository\presenceManager\backend\src\services\http.service.ts)
2025-03-28T15:44:03.918-03:00 - info: Server is running on http://localhost:3000 - D:\Repository\presenceManager\backend\src\services\http.service.ts)
2025-03-28T15:44:33.724-03:00 - info: Users retrieved successfully: D:\Repository\presenceManager\backend\src\controller\user.controller.ts)
2025-03-28T15:53:38.303-03:00 - info: Users retrieved successfully: D:\Repository\presenceManager\backend\src\controller\user.controller.ts)
2025-03-28T16:00:22.060-03:00 - info: Users retrieved successfully: D:\Repository\presenceManager\backend\src\controller\user.controller.ts)
2025-03-28T16:01:21.034-03:00 - info: Users retrieved successfully: D:\Repository\presenceManager\backend\src\controller\user.controller.ts)
2025-03-28T16:07:26.441-03:00 - info: Routes registered successfully.)
2025-03-28T16:07:26.467-03:00 - info: Database connected successfully. - D:\Repository\presenceManager\backend\src\services\http.service.ts)
2025-03-28T16:07:26.470-03:00 - info: Server is running on http://localhost:3000 - D:\Repository\presenceManager\backend\src\services\http.service.ts)
2025-03-28T16:08:26.447-03:00 - info: Users retrieved successfully: D:\Repository\presenceManager\backend\src\controller\user.controller.ts)
2025-03-28T16:08:33.492-03:00 - info: Users retrieved successfully: D:\Repository\presenceManager\backend\src\controller\user.controller.ts)
2025-03-28T16:08:39.090-03:00 - info: Users retrieved successfully: D:\Repository\presenceManager\backend\src\controller\user.controller.ts)
2025-03-28T16:08:44.311-03:00 - info: Users retrieved successfully: D:\Repository\presenceManager\backend\src\controller\user.controller.ts)
2025-03-28T17:11:46.636-03:00 - info: Users retrieved successfully: D:\Repository\presenceManager\backend\src\controller\user.controller.ts)
2025-03-28T17:13:47.912-03:00 - info: Routes registered successfully.)
2025-03-28T17:13:47.947-03:00 - info: Database connected successfully. - D:\Repository\presenceManager\backend\src\services\http.service.ts)
2025-03-28T17:13:47.952-03:00 - info: Server is running on http://localhost:3000 - D:\Repository\presenceManager\backend\src\services\http.service.ts)
2025-03-28T17:19:53.211-03:00 - info: Users retrieved successfully: D:\Repository\presenceManager\backend\src\controller\user.controller.ts)
2025-03-28T17:19:54.874-03:00 - info: Users retrieved successfully: D:\Repository\presenceManager\backend\src\controller\user.controller.ts)
2025-03-28T17:21:19.931-03:00 - info: Users retrieved successfully: D:\Repository\presenceManager\backend\src\controller\user.controller.ts)
2025-03-28T17:21:32.603-03:00 - info: Users retrieved successfully: D:\Repository\presenceManager\backend\src\controller\user.controller.ts)
2025-03-28T17:28:11.331-03:00 - info: Users retrieved successfully: D:\Repository\presenceManager\backend\src\controller\user.controller.ts)
2025-03-28T17:33:26.429-03:00 - info: Routes registered successfully.)
2025-03-28T17:33:26.477-03:00 - info: Database connected successfully. - D:\Repository\presenceManager\backend\src\services\http.service.ts)
2025-03-28T17:33:26.483-03:00 - info: Server is running on http://localhost:3000 - D:\Repository\presenceManager\backend\src\services\http.service.ts)
2025-03-28T17:33:34.326-03:00 - info: Users retrieved successfully: D:\Repository\presenceManager\backend\src\controller\user.controller.ts)
2025-03-28T17:33:49.431-03:00 - info: Routes registered successfully.)
2025-03-28T17:33:49.476-03:00 - info: Database connected successfully. - D:\Repository\presenceManager\backend\src\services\http.service.ts)
2025-03-28T17:33:49.482-03:00 - info: Server is running on http://localhost:3000 - D:\Repository\presenceManager\backend\src\services\http.service.ts)
2025-03-28T17:33:51.162-03:00 - info: Users retrieved successfully: D:\Repository\presenceManager\backend\src\controller\user.controller.ts)
2025-03-28T17:33:52.905-03:00 - info: Users retrieved successfully: D:\Repository\presenceManager\backend\src\controller\user.controller.ts)
2025-03-28T17:34:36.439-03:00 - info: Users retrieved successfully: D:\Repository\presenceManager\backend\src\controller\user.controller.ts)
2025-03-28T17:37:40.259-03:00 - info: Users retrieved successfully: D:\Repository\presenceManager\backend\src\controller\user.controller.ts)
2025-03-28T17:37:45.881-03:00 - info: Users retrieved successfully: D:\Repository\presenceManager\backend\src\controller\user.controller.ts)
2025-03-28T17:37:50.495-03:00 - info: Users retrieved successfully: D:\Repository\presenceManager\backend\src\controller\user.controller.ts)
2025-03-28T17:39:17.554-03:00 - info: Users retrieved successfully: D:\Repository\presenceManager\backend\src\controller\user.controller.ts)
2025-03-28T17:43:20.951-03:00 - info: Users retrieved successfully: D:\Repository\presenceManager\backend\src\controller\user.controller.ts)
2025-03-28T17:43:37.102-03:00 - info: Users retrieved successfully: D:\Repository\presenceManager\backend\src\controller\user.controller.ts)
2025-03-28T17:43:42.122-03:00 - info: Users retrieved successfully: D:\Repository\presenceManager\backend\src\controller\user.controller.ts)
2025-03-28T17:43:46.419-03:00 - info: Users retrieved successfully: D:\Repository\presenceManager\backend\src\controller\user.controller.ts)
2025-03-28T17:44:29.139-03:00 - info: Users retrieved successfully: D:\Repository\presenceManager\backend\src\controller\user.controller.ts)
2025-03-28T17:45:23.525-03:00 - info: Users retrieved successfully: D:\Repository\presenceManager\backend\src\controller\user.controller.ts)
2025-03-28T17:45:39.693-03:00 - info: Users retrieved successfully: D:\Repository\presenceManager\backend\src\controller\user.controller.ts)
2025-03-28T18:04:34.493-03:00 - info: Users retrieved successfully: D:\Repository\presenceManager\backend\src\controller\user.controller.ts)
2025-03-28T18:04:45.767-03:00 - info: Users retrieved successfully: D:\Repository\presenceManager\backend\src\controller\user.controller.ts)
2025-03-28T18:11:13.989-03:00 - info: Users retrieved successfully: D:\Repository\presenceManager\backend\src\controller\user.controller.ts)
2025-03-28T18:12:21.144-03:00 - info: Users retrieved successfully: D:\Repository\presenceManager\backend\src\controller\user.controller.ts)
2025-03-28T18:12:46.278-03:00 - info: Users retrieved successfully: D:\Repository\presenceManager\backend\src\controller\user.controller.ts)
2025-03-28T18:13:48.588-03:00 - info: Users retrieved successfully: D:\Repository\presenceManager\backend\src\controller\user.controller.ts)
2025-03-28T18:14:43.488-03:00 - info: Users retrieved successfully: D:\Repository\presenceManager\backend\src\controller\user.controller.ts)
2025-03-28T18:20:35.177-03:00 - info: Users retrieved successfully: D:\Repository\presenceManager\backend\src\controller\user.controller.ts)
2025-03-28T19:13:48.461-03:00 - info: Routes registered successfully.)
2025-03-28T19:13:48.493-03:00 - info: Database connected successfully. - D:\Repository\presenceManager\backend\src\services\http.service.ts)
2025-03-28T19:13:48.497-03:00 - info: Server is running on http://localhost:3000 - D:\Repository\presenceManager\backend\src\services\http.service.ts)
2025-03-28T19:13:53.720-03:00 - info: Users retrieved successfully: D:\Repository\presenceManager\backend\src\controller\user.controller.ts)
2025-03-28T19:13:54.976-03:00 - info: Users retrieved successfully: D:\Repository\presenceManager\backend\src\controller\user.controller.ts)
2025-03-28T19:14:21.121-03:00 - info: Users retrieved successfully: D:\Repository\presenceManager\backend\src\controller\user.controller.ts)
2025-03-28T19:14:35.264-03:00 - info: Users retrieved successfully: D:\Repository\presenceManager\backend\src\controller\user.controller.ts)
2025-03-28T19:15:08.848-03:00 - info: Users retrieved successfully: D:\Repository\presenceManager\backend\src\controller\user.controller.ts)
2025-03-28T19:16:02.780-03:00 - info: Routes registered successfully.)
2025-03-28T19:16:02.810-03:00 - info: Database connected successfully. - D:\Repository\presenceManager\backend\src\services\http.service.ts)
2025-03-28T19:16:02.813-03:00 - info: Server is running on http://localhost:3000 - D:\Repository\presenceManager\backend\src\services\http.service.ts)
2025-03-28T19:16:10.591-03:00 - info: Users retrieved successfully: D:\Repository\presenceManager\backend\src\controller\user.controller.ts)
2025-03-28T19:16:31.498-03:00 - info: Users retrieved successfully: D:\Repository\presenceManager\backend\src\controller\user.controller.ts)
2025-03-28T19:16:39.963-03:00 - info: Users retrieved successfully: D:\Repository\presenceManager\backend\src\controller\user.controller.ts)
2025-03-28T19:16:58.578-03:00 - info: Users retrieved successfully: D:\Repository\presenceManager\backend\src\controller\user.controller.ts)
2025-03-28T19:17:22.666-03:00 - info: Users retrieved successfully: D:\Repository\presenceManager\backend\src\controller\user.controller.ts)
2025-03-28T19:17:27.405-03:00 - info: Users retrieved successfully: D:\Repository\presenceManager\backend\src\controller\user.controller.ts)
2025-03-28T19:21:00.051-03:00 - info: Users retrieved successfully: D:\Repository\presenceManager\backend\src\controller\user.controller.ts)
2025-03-28T19:22:40.658-03:00 - info: Users retrieved successfully: D:\Repository\presenceManager\backend\src\controller\user.controller.ts)
2025-03-28T19:22:47.078-03:00 - info: Users retrieved successfully: D:\Repository\presenceManager\backend\src\controller\user.controller.ts)
2025-03-28T19:22:48.498-03:00 - info: Users retrieved successfully: D:\Repository\presenceManager\backend\src\controller\user.controller.ts)
2025-03-28T19:22:52.850-03:00 - info: Users retrieved successfully: D:\Repository\presenceManager\backend\src\controller\user.controller.ts)
2025-03-28T19:23:25.828-03:00 - info: Users retrieved successfully: D:\Repository\presenceManager\backend\src\controller\user.controller.ts)
2025-03-28T19:23:30.477-03:00 - info: Users retrieved successfully: D:\Repository\presenceManager\backend\src\controller\user.controller.ts)
2025-03-28T19:24:10.730-03:00 - info: Users retrieved successfully: D:\Repository\presenceManager\backend\src\controller\user.controller.ts)
2025-03-28T19:24:22.304-03:00 - info: Users retrieved successfully: D:\Repository\presenceManager\backend\src\controller\user.controller.ts)
2025-03-28T19:24:57.245-03:00 - info: Users retrieved successfully: D:\Repository\presenceManager\backend\src\controller\user.controller.ts)
2025-03-28T19:25:05.935-03:00 - info: Users retrieved successfully: D:\Repository\presenceManager\backend\src\controller\user.controller.ts)
2025-03-28T19:25:14.523-03:00 - info: Users retrieved successfully: D:\Repository\presenceManager\backend\src\controller\user.controller.ts)
2025-03-28T19:25:16.371-03:00 - info: Users retrieved successfully: D:\Repository\presenceManager\backend\src\controller\user.controller.ts)
2025-03-28T19:25:51.299-03:00 - info: Users retrieved successfully: D:\Repository\presenceManager\backend\src\controller\user.controller.ts)
2025-03-28T19:27:08.707-03:00 - info: Users retrieved successfully: D:\Repository\presenceManager\backend\src\controller\user.controller.ts)
2025-03-28T19:27:26.288-03:00 - info: Users retrieved successfully: D:\Repository\presenceManager\backend\src\controller\user.controller.ts)
2025-03-28T19:27:31.338-03:00 - info: Users retrieved successfully: D:\Repository\presenceManager\backend\src\controller\user.controller.ts)
2025-03-28T19:28:09.118-03:00 - info: Users retrieved successfully: D:\Repository\presenceManager\backend\src\controller\user.controller.ts)
2025-03-28T19:28:22.635-03:00 - info: Users retrieved successfully: D:\Repository\presenceManager\backend\src\controller\user.controller.ts)
2025-03-28T19:28:25.171-03:00 - info: Users retrieved successfully: D:\Repository\presenceManager\backend\src\controller\user.controller.ts)
2025-03-28T19:28:31.645-03:00 - info: Users retrieved successfully: D:\Repository\presenceManager\backend\src\controller\user.controller.ts)
2025-03-28T19:29:22.963-03:00 - info: Users retrieved successfully: D:\Repository\presenceManager\backend\src\controller\user.controller.ts)
2025-03-28T19:29:41.173-03:00 - info: Users retrieved successfully: D:\Repository\presenceManager\backend\src\controller\user.controller.ts)
2025-03-28T19:29:53.754-03:00 - info: Users retrieved successfully: D:\Repository\presenceManager\backend\src\controller\user.controller.ts)
2025-03-28T19:30:29.404-03:00 - info: Users retrieved successfully: D:\Repository\presenceManager\backend\src\controller\user.controller.ts)
2025-03-28T19:30:33.284-03:00 - info: Users retrieved successfully: D:\Repository\presenceManager\backend\src\controller\user.controller.ts)
2025-03-28T19:30:49.587-03:00 - info: Users retrieved successfully: D:\Repository\presenceManager\backend\src\controller\user.controller.ts)
2025-03-28T19:31:22.145-03:00 - info: Users retrieved successfully: D:\Repository\presenceManager\backend\src\controller\user.controller.ts)
2025-03-28T19:31:44.365-03:00 - info: Users retrieved successfully: D:\Repository\presenceManager\backend\src\controller\user.controller.ts)
2025-03-28T19:32:09.172-03:00 - info: Users retrieved successfully: D:\Repository\presenceManager\backend\src\controller\user.controller.ts)
2025-03-28T19:32:31.986-03:00 - info: Users retrieved successfully: D:\Repository\presenceManager\backend\src\controller\user.controller.ts)
2025-03-28T19:33:43.025-03:00 - info: Users retrieved successfully: D:\Repository\presenceManager\backend\src\controller\user.controller.ts)
2025-03-28T19:33:52.608-03:00 - info: Users retrieved successfully: D:\Repository\presenceManager\backend\src\controller\user.controller.ts)
2025-03-28T19:35:46.351-03:00 - info: Users retrieved successfully: D:\Repository\presenceManager\backend\src\controller\user.controller.ts)
2025-03-28T19:36:52.629-03:00 - info: Users retrieved successfully: D:\Repository\presenceManager\backend\src\controller\user.controller.ts)
2025-03-28T19:37:47.603-03:00 - info: Users retrieved successfully: D:\Repository\presenceManager\backend\src\controller\user.controller.ts)
2025-03-28T19:38:31.174-03:00 - info: Users retrieved successfully: D:\Repository\presenceManager\backend\src\controller\user.controller.ts)
2025-03-28T19:40:09.649-03:00 - info: Users retrieved successfully: D:\Repository\presenceManager\backend\src\controller\user.controller.ts)
2025-03-28T19:40:23.868-03:00 - info: Users retrieved successfully: D:\Repository\presenceManager\backend\src\controller\user.controller.ts)
2025-03-28T19:40:27.350-03:00 - info: Users retrieved successfully: D:\Repository\presenceManager\backend\src\controller\user.controller.ts)
2025-03-28T19:40:28.797-03:00 - info: Users retrieved successfully: D:\Repository\presenceManager\backend\src\controller\user.controller.ts)
2025-03-29T18:43:59.198-03:00 - info: Routes registered successfully.)
2025-03-29T18:43:59.370-03:00 - info: Database connected successfully. - D:\Repository\presenceManager\backend\src\services\http.service.ts)
2025-03-29T18:43:59.375-03:00 - info: Server is running on http://localhost:3000 - D:\Repository\presenceManager\backend\src\services\http.service.ts)
2025-03-29T18:44:01.221-03:00 - info: Users retrieved successfully: D:\Repository\presenceManager\backend\src\controller\user.controller.ts)
2025-03-29T18:44:42.316-03:00 - info: Users retrieved successfully: D:\Repository\presenceManager\backend\src\controller\user.controller.ts)
2025-03-29T18:45:05.133-03:00 - info: Users retrieved successfully: D:\Repository\presenceManager\backend\src\controller\user.controller.ts)
2025-03-29T18:45:35.956-03:00 - info: Users retrieved successfully: D:\Repository\presenceManager\backend\src\controller\user.controller.ts)
2025-03-29T18:46:34.857-03:00 - info: Users retrieved successfully: D:\Repository\presenceManager\backend\src\controller\user.controller.ts)
2025-03-29T18:52:06.264-03:00 - info: Routes registered successfully.)
2025-03-29T18:52:06.289-03:00 - info: Database connected successfully. - D:\Repository\presenceManager\backend\src\services\http.service.ts)
2025-03-29T18:52:06.293-03:00 - info: Server is running on http://localhost:3000 - D:\Repository\presenceManager\backend\src\services\http.service.ts)
2025-03-29T18:52:37.664-03:00 - info: Users retrieved successfully: D:\Repository\presenceManager\backend\src\controller\user.controller.ts)
2025-03-29T18:52:52.315-03:00 - info: Users retrieved successfully: D:\Repository\presenceManager\backend\src\controller\user.controller.ts)
2025-04-11T11:52:20.788-03:00 - info: Routes registered successfully.)
2025-04-11T11:52:20.908-03:00 - info: Database connected successfully. - D:\Repository\presenceManager\backend\src\services\http.service.ts)
2025-04-11T11:52:20.912-03:00 - info: Server is running on http://localhost:3000 - D:\Repository\presenceManager\backend\src\services\http.service.ts)
2025-04-11T11:53:00.608-03:00 - info: Routes registered successfully.)
2025-04-11T11:53:00.633-03:00 - info: Database connected successfully. - D:\Repository\presenceManager\backend\src\services\http.service.ts)
2025-04-11T11:53:00.637-03:00 - info: Server is running on http://localhost:3000 - D:\Repository\presenceManager\backend\src\services\http.service.ts)
2025-04-11T11:53:21.457-03:00 - info: Routes registered successfully.)
2025-04-11T11:53:21.481-03:00 - info: Database connected successfully. - D:\Repository\presenceManager\backend\src\services\http.service.ts)
2025-04-11T11:53:21.486-03:00 - info: Server is running on http://localhost:3000 - D:\Repository\presenceManager\backend\src\services\http.service.ts)
2025-05-27T14:14:54.770-03:00 - info: Routes registered successfully.)
2025-05-27T14:49:09.743-03:00 - info: Routes registered successfully.)
2025-05-27T14:49:09.770-03:00 - info: Database connected successfully. - D:\Repository\presenceManager\backend\src\services\http.service.ts)
2025-05-27T14:49:09.774-03:00 - info: Server is running on http://localhost:3000 - D:\Repository\presenceManager\backend\src\services\http.service.ts)
2025-05-27T14:49:52.092-03:00 - info: Users retrieved successfully: D:\Repository\presenceManager\backend\src\controller\user.controller.ts)
2025-05-27T14:52:50.693-03:00 - info: Users retrieved successfully: D:\Repository\presenceManager\backend\src\controller\user.controller.ts)
2025-05-27T15:01:07.144-03:00 - info: Users retrieved successfully: D:\Repository\presenceManager\backend\src\controller\user.controller.ts)
2025-05-27T15:02:49.099-03:00 - info: Users retrieved successfully: D:\Repository\presenceManager\backend\src\controller\user.controller.ts)
2025-05-27T15:04:34.254-03:00 - info: Users retrieved successfully: D:\Repository\presenceManager\backend\src\controller\user.controller.ts)
2025-05-27T15:05:24.890-03:00 - info: Users retrieved successfully: D:\Repository\presenceManager\backend\src\controller\user.controller.ts)
2025-05-27T15:05:28.070-03:00 - info: Users retrieved successfully: D:\Repository\presenceManager\backend\src\controller\user.controller.ts)
2025-05-27T15:05:43.577-03:00 - info: Users retrieved successfully: D:\Repository\presenceManager\backend\src\controller\user.controller.ts)
2025-05-27T15:05:52.822-03:00 - info: Users retrieved successfully: D:\Repository\presenceManager\backend\src\controller\user.controller.ts)
2025-05-27T15:06:07.469-03:00 - info: Users retrieved successfully: D:\Repository\presenceManager\backend\src\controller\user.controller.ts)
2025-05-27T15:06:09.613-03:00 - info: Users retrieved successfully: D:\Repository\presenceManager\backend\src\controller\user.controller.ts)
2025-05-27T15:07:15.989-03:00 - info: Users retrieved successfully: D:\Repository\presenceManager\backend\src\controller\user.controller.ts)
2025-05-27T15:07:19.019-03:00 - info: Users retrieved successfully: D:\Repository\presenceManager\backend\src\controller\user.controller.ts)
2025-05-27T15:10:59.692-03:00 - info: Users retrieved successfully: D:\Repository\presenceManager\backend\src\controller\user.controller.ts)
2025-05-27T15:11:02.451-03:00 - info: Users retrieved successfully: D:\Repository\presenceManager\backend\src\controller\user.controller.ts)
2025-05-27T15:13:33.854-03:00 - info: Users retrieved successfully: D:\Repository\presenceManager\backend\src\controller\user.controller.ts)
2025-05-27T15:14:29.235-03:00 - info: Users retrieved successfully: D:\Repository\presenceManager\backend\src\controller\user.controller.ts)
2025-05-27T15:14:33.285-03:00 - info: Users retrieved successfully: D:\Repository\presenceManager\backend\src\controller\user.controller.ts)
2025-05-27T15:15:47.385-03:00 - info: Users retrieved successfully: D:\Repository\presenceManager\backend\src\controller\user.controller.ts)
2025-05-27T15:15:47.424-03:00 - info: Users retrieved successfully: D:\Repository\presenceManager\backend\src\controller\user.controller.ts)
2025-05-27T15:16:14.042-03:00 - info: Users retrieved successfully: D:\Repository\presenceManager\backend\src\controller\user.controller.ts)
2025-05-27T15:16:14.098-03:00 - info: Users retrieved successfully: D:\Repository\presenceManager\backend\src\controller\user.controller.ts)
2025-05-27T15:18:05.679-03:00 - info: Users retrieved successfully: D:\Repository\presenceManager\backend\src\controller\user.controller.ts)
2025-05-27T15:18:05.719-03:00 - info: Users retrieved successfully: D:\Repository\presenceManager\backend\src\controller\user.controller.ts)
2025-05-27T15:18:16.566-03:00 - info: Users retrieved successfully: D:\Repository\presenceManager\backend\src\controller\user.controller.ts)
2025-05-27T15:18:16.622-03:00 - info: Users retrieved successfully: D:\Repository\presenceManager\backend\src\controller\user.controller.ts)
2025-05-27T15:18:30.094-03:00 - info: Users retrieved successfully: D:\Repository\presenceManager\backend\src\controller\user.controller.ts)
2025-05-27T15:18:32.704-03:00 - info: Users retrieved successfully: D:\Repository\presenceManager\backend\src\controller\user.controller.ts)
2025-05-27T15:19:19.557-03:00 - info: Users retrieved successfully: D:\Repository\presenceManager\backend\src\controller\user.controller.ts)
2025-05-27T15:19:19.612-03:00 - info: Users retrieved successfully: D:\Repository\presenceManager\backend\src\controller\user.controller.ts)
2025-05-27T15:19:29.176-03:00 - info: Users retrieved successfully: D:\Repository\presenceManager\backend\src\controller\user.controller.ts)
2025-05-27T15:19:31.520-03:00 - info: Users retrieved successfully: D:\Repository\presenceManager\backend\src\controller\user.controller.ts)
2025-05-27T15:25:14.041-03:00 - info: Users retrieved successfully: D:\Repository\presenceManager\backend\src\controller\user.controller.ts)
2025-05-27T15:25:14.042-03:00 - info: Users retrieved successfully: D:\Repository\presenceManager\backend\src\controller\user.controller.ts)
2025-05-27T15:25:14.112-03:00 - info: Users retrieved successfully: D:\Repository\presenceManager\backend\src\controller\user.controller.ts)
2025-05-27T15:25:45.186-03:00 - info: Users retrieved successfully: D:\Repository\presenceManager\backend\src\controller\user.controller.ts)
2025-05-27T15:25:45.234-03:00 - info: Users retrieved successfully: D:\Repository\presenceManager\backend\src\controller\user.controller.ts)
2025-05-27T15:30:46.163-03:00 - info: Users retrieved successfully: D:\Repository\presenceManager\backend\src\controller\user.controller.ts)
2025-05-27T15:30:55.880-03:00 - info: Users retrieved successfully: D:\Repository\presenceManager\backend\src\controller\user.controller.ts)
2025-05-27T15:31:03.839-03:00 - info: Users retrieved successfully: D:\Repository\presenceManager\backend\src\controller\user.controller.ts)
2025-05-27T15:32:02.302-03:00 - info: Users retrieved successfully: D:\Repository\presenceManager\backend\src\controller\user.controller.ts)
2025-05-27T15:32:09.057-03:00 - info: Users retrieved successfully: D:\Repository\presenceManager\backend\src\controller\user.controller.ts)
2025-05-27T15:32:13.258-03:00 - info: Users retrieved successfully: D:\Repository\presenceManager\backend\src\controller\user.controller.ts)
2025-05-27T15:32:21.172-03:00 - info: Users retrieved successfully: D:\Repository\presenceManager\backend\src\controller\user.controller.ts)
2025-05-27T15:35:46.087-03:00 - info: Users retrieved successfully: D:\Repository\presenceManager\backend\src\controller\user.controller.ts)
2025-05-27T15:35:46.183-03:00 - info: Users retrieved successfully: D:\Repository\presenceManager\backend\src\controller\user.controller.ts)
2025-05-27T15:36:02.803-03:00 - info: Users retrieved successfully: D:\Repository\presenceManager\backend\src\controller\user.controller.ts)
2025-05-27T15:36:02.853-03:00 - info: Users retrieved successfully: D:\Repository\presenceManager\backend\src\controller\user.controller.ts)
2025-05-27T15:36:19.644-03:00 - info: Users retrieved successfully: D:\Repository\presenceManager\backend\src\controller\user.controller.ts)
2025-05-27T15:36:27.568-03:00 - info: Users retrieved successfully: D:\Repository\presenceManager\backend\src\controller\user.controller.ts)
2025-05-27T15:38:46.611-03:00 - info: Users retrieved successfully: D:\Repository\presenceManager\backend\src\controller\user.controller.ts)
2025-05-27T15:39:00.261-03:00 - info: Users retrieved successfully: D:\Repository\presenceManager\backend\src\controller\user.controller.ts)
2025-05-27T15:39:54.564-03:00 - info: Users retrieved successfully: D:\Repository\presenceManager\backend\src\controller\user.controller.ts)
2025-05-27T15:40:36.480-03:00 - info: Users retrieved successfully: D:\Repository\presenceManager\backend\src\controller\user.controller.ts)
2025-05-27T15:40:36.540-03:00 - info: Users retrieved successfully: D:\Repository\presenceManager\backend\src\controller\user.controller.ts)
2025-05-27T15:40:51.161-03:00 - info: Users retrieved successfully: D:\Repository\presenceManager\backend\src\controller\user.controller.ts)
2025-05-27T15:43:08.906-03:00 - info: Users retrieved successfully: D:\Repository\presenceManager\backend\src\controller\user.controller.ts)
2025-05-27T15:46:40.536-03:00 - info: Users retrieved successfully: D:\Repository\presenceManager\backend\src\controller\user.controller.ts)
2025-05-27T15:46:42.599-03:00 - info: Users retrieved successfully: D:\Repository\presenceManager\backend\src\controller\user.controller.ts)
2025-05-27T15:48:17.746-03:00 - info: Users retrieved successfully: D:\Repository\presenceManager\backend\src\controller\user.controller.ts)
2025-05-27T15:48:32.891-03:00 - info: Users retrieved successfully: D:\Repository\presenceManager\backend\src\controller\user.controller.ts)
2025-05-27T15:49:18.038-03:00 - info: Users retrieved successfully: D:\Repository\presenceManager\backend\src\controller\user.controller.ts)
2025-05-27T15:49:32.569-03:00 - info: Users retrieved successfully: D:\Repository\presenceManager\backend\src\controller\user.controller.ts)
2025-05-27T15:50:06.893-03:00 - info: Users retrieved successfully: D:\Repository\presenceManager\backend\src\controller\user.controller.ts)
2025-05-27T15:50:54.648-03:00 - info: Users retrieved successfully: D:\Repository\presenceManager\backend\src\controller\user.controller.ts)
2025-05-27T15:50:57.414-03:00 - info: Users retrieved successfully: D:\Repository\presenceManager\backend\src\controller\user.controller.ts)
2025-05-27T15:51:18.200-03:00 - info: Users retrieved successfully: D:\Repository\presenceManager\backend\src\controller\user.controller.ts)
2025-05-27T15:51:29.239-03:00 - info: Users retrieved successfully: D:\Repository\presenceManager\backend\src\controller\user.controller.ts)
2025-05-27T15:51:59.243-03:00 - info: Users retrieved successfully: D:\Repository\presenceManager\backend\src\controller\user.controller.ts)
2025-05-27T15:52:02.385-03:00 - info: Users retrieved successfully: D:\Repository\presenceManager\backend\src\controller\user.controller.ts)
2025-05-27T15:52:27.607-03:00 - info: Users retrieved successfully: D:\Repository\presenceManager\backend\src\controller\user.controller.ts)
2025-05-27T15:52:31.012-03:00 - info: Users retrieved successfully: D:\Repository\presenceManager\backend\src\controller\user.controller.ts)
2025-05-27T15:52:45.723-03:00 - info: Users retrieved successfully: D:\Repository\presenceManager\backend\src\controller\user.controller.ts)
2025-05-27T15:52:47.985-03:00 - info: Users retrieved successfully: D:\Repository\presenceManager\backend\src\controller\user.controller.ts)
2025-05-27T15:52:53.319-03:00 - info: Users retrieved successfully: D:\Repository\presenceManager\backend\src\controller\user.controller.ts)
2025-05-27T15:53:02.979-03:00 - info: Users retrieved successfully: D:\Repository\presenceManager\backend\src\controller\user.controller.ts)
2025-05-27T15:54:02.369-03:00 - info: Users retrieved successfully: D:\Repository\presenceManager\backend\src\controller\user.controller.ts)
2025-05-27T15:54:46.076-03:00 - info: Users retrieved successfully: D:\Repository\presenceManager\backend\src\controller\user.controller.ts)
2025-05-27T15:59:14.213-03:00 - info: Users retrieved successfully: D:\Repository\presenceManager\backend\src\controller\user.controller.ts)
2025-05-27T15:59:14.291-03:00 - info: Users retrieved successfully: D:\Repository\presenceManager\backend\src\controller\user.controller.ts)
2025-05-27T15:59:29.975-03:00 - info: Users retrieved successfully: D:\Repository\presenceManager\backend\src\controller\user.controller.ts)
2025-05-27T16:00:38.362-03:00 - info: Users retrieved successfully: D:\Repository\presenceManager\backend\src\controller\user.controller.ts)
2025-05-27T16:02:49.692-03:00 - info: Users retrieved successfully: D:\Repository\presenceManager\backend\src\controller\user.controller.ts)
2025-05-27T16:02:49.693-03:00 - info: Users retrieved successfully: D:\Repository\presenceManager\backend\src\controller\user.controller.ts)
2025-05-27T16:02:49.778-03:00 - info: Users retrieved successfully: D:\Repository\presenceManager\backend\src\controller\user.controller.ts)
2025-05-27T16:02:49.905-03:00 - info: Users retrieved successfully: D:\Repository\presenceManager\backend\src\controller\user.controller.ts)
2025-05-27T16:02:50.038-03:00 - info: Users retrieved successfully: D:\Repository\presenceManager\backend\src\controller\user.controller.ts)
2025-05-27T16:02:50.083-03:00 - info: Users retrieved successfully: D:\Repository\presenceManager\backend\src\controller\user.controller.ts)
2025-05-27T16:02:50.151-03:00 - info: Users retrieved successfully: D:\Repository\presenceManager\backend\src\controller\user.controller.ts)
2025-05-27T16:02:50.233-03:00 - info: Users retrieved successfully: D:\Repository\presenceManager\backend\src\controller\user.controller.ts)
2025-05-27T16:02:50.286-03:00 - info: Users retrieved successfully: D:\Repository\presenceManager\backend\src\controller\user.controller.ts)
2025-05-27T16:02:50.368-03:00 - info: Users retrieved successfully: D:\Repository\presenceManager\backend\src\controller\user.controller.ts)
2025-05-27T16:02:50.420-03:00 - info: Users retrieved successfully: D:\Repository\presenceManager\backend\src\controller\user.controller.ts)
2025-05-27T16:02:50.472-03:00 - info: Users retrieved successfully: D:\Repository\presenceManager\backend\src\controller\user.controller.ts)
2025-05-27T16:02:50.526-03:00 - info: Users retrieved successfully: D:\Repository\presenceManager\backend\src\controller\user.controller.ts)
2025-05-27T16:02:50.594-03:00 - info: Users retrieved successfully: D:\Repository\presenceManager\backend\src\controller\user.controller.ts)
2025-05-27T16:02:50.658-03:00 - info: Users retrieved successfully: D:\Repository\presenceManager\backend\src\controller\user.controller.ts)
2025-05-27T16:02:50.706-03:00 - info: Users retrieved successfully: D:\Repository\presenceManager\backend\src\controller\user.controller.ts)
2025-05-27T16:02:50.756-03:00 - info: Users retrieved successfully: D:\Repository\presenceManager\backend\src\controller\user.controller.ts)
2025-05-27T16:02:50.803-03:00 - info: Users retrieved successfully: D:\Repository\presenceManager\backend\src\controller\user.controller.ts)
2025-05-27T16:02:50.851-03:00 - info: Users retrieved successfully: D:\Repository\presenceManager\backend\src\controller\user.controller.ts)
2025-05-27T16:02:50.917-03:00 - info: Users retrieved successfully: D:\Repository\presenceManager\backend\src\controller\user.controller.ts)
2025-05-27T16:02:50.980-03:00 - info: Users retrieved successfully: D:\Repository\presenceManager\backend\src\controller\user.controller.ts)
2025-05-27T16:02:51.029-03:00 - info: Users retrieved successfully: D:\Repository\presenceManager\backend\src\controller\user.controller.ts)
2025-05-27T16:02:51.082-03:00 - info: Users retrieved successfully: D:\Repository\presenceManager\backend\src\controller\user.controller.ts)
2025-05-27T16:02:51.133-03:00 - info: Users retrieved successfully: D:\Repository\presenceManager\backend\src\controller\user.controller.ts)
2025-05-27T16:02:51.183-03:00 - info: Users retrieved successfully: D:\Repository\presenceManager\backend\src\controller\user.controller.ts)
2025-05-27T16:02:51.232-03:00 - info: Users retrieved successfully: D:\Repository\presenceManager\backend\src\controller\user.controller.ts)
2025-05-27T16:02:51.288-03:00 - info: Users retrieved successfully: D:\Repository\presenceManager\backend\src\controller\user.controller.ts)
2025-05-27T16:02:51.333-03:00 - info: Users retrieved successfully: D:\Repository\presenceManager\backend\src\controller\user.controller.ts)
2025-05-27T16:02:51.393-03:00 - info: Users retrieved successfully: D:\Repository\presenceManager\backend\src\controller\user.controller.ts)
2025-05-27T16:02:51.454-03:00 - info: Users retrieved successfully: D:\Repository\presenceManager\backend\src\controller\user.controller.ts)
2025-05-27T16:02:51.561-03:00 - info: Users retrieved successfully: D:\Repository\presenceManager\backend\src\controller\user.controller.ts)
2025-05-27T16:02:51.617-03:00 - info: Users retrieved successfully: D:\Repository\presenceManager\backend\src\controller\user.controller.ts)
2025-05-27T16:02:51.673-03:00 - info: Users retrieved successfully: D:\Repository\presenceManager\backend\src\controller\user.controller.ts)
2025-05-27T16:02:51.731-03:00 - info: Users retrieved successfully: D:\Repository\presenceManager\backend\src\controller\user.controller.ts)
2025-05-27T16:02:51.782-03:00 - info: Users retrieved successfully: D:\Repository\presenceManager\backend\src\controller\user.controller.ts)
2025-05-27T16:02:51.835-03:00 - info: Users retrieved successfully: D:\Repository\presenceManager\backend\src\controller\user.controller.ts)
2025-05-27T16:02:51.881-03:00 - info: Users retrieved successfully: D:\Repository\presenceManager\backend\src\controller\user.controller.ts)
2025-05-27T16:02:51.933-03:00 - info: Users retrieved successfully: D:\Repository\presenceManager\backend\src\controller\user.controller.ts)
2025-05-27T16:02:51.983-03:00 - info: Users retrieved successfully: D:\Repository\presenceManager\backend\src\controller\user.controller.ts)
2025-05-27T16:02:52.033-03:00 - info: Users retrieved successfully: D:\Repository\presenceManager\backend\src\controller\user.controller.ts)
2025-05-27T16:02:52.089-03:00 - info: Users retrieved successfully: D:\Repository\presenceManager\backend\src\controller\user.controller.ts)
2025-05-27T16:02:52.134-03:00 - info: Users retrieved successfully: D:\Repository\presenceManager\backend\src\controller\user.controller.ts)
2025-05-27T16:02:52.183-03:00 - info: Users retrieved successfully: D:\Repository\presenceManager\backend\src\controller\user.controller.ts)
2025-05-27T16:02:52.231-03:00 - info: Users retrieved successfully: D:\Repository\presenceManager\backend\src\controller\user.controller.ts)
2025-05-27T16:02:52.282-03:00 - info: Users retrieved successfully: D:\Repository\presenceManager\backend\src\controller\user.controller.ts)
2025-05-27T16:02:52.330-03:00 - info: Users retrieved successfully: D:\Repository\presenceManager\backend\src\controller\user.controller.ts)
2025-05-27T16:02:52.376-03:00 - info: Users retrieved successfully: D:\Repository\presenceManager\backend\src\controller\user.controller.ts)
2025-05-27T16:02:52.426-03:00 - info: Users retrieved successfully: D:\Repository\presenceManager\backend\src\controller\user.controller.ts)
2025-05-27T16:02:52.472-03:00 - info: Users retrieved successfully: D:\Repository\presenceManager\backend\src\controller\user.controller.ts)
2025-05-27T16:02:52.518-03:00 - info: Users retrieved successfully: D:\Repository\presenceManager\backend\src\controller\user.controller.ts)
2025-05-27T16:02:52.562-03:00 - info: Users retrieved successfully: D:\Repository\presenceManager\backend\src\controller\user.controller.ts)
2025-05-27T16:02:52.618-03:00 - info: Users retrieved successfully: D:\Repository\presenceManager\backend\src\controller\user.controller.ts)
2025-05-27T16:02:52.672-03:00 - info: Users retrieved successfully: D:\Repository\presenceManager\backend\src\controller\user.controller.ts)
2025-05-27T16:02:52.725-03:00 - info: Users retrieved successfully: D:\Repository\presenceManager\backend\src\controller\user.controller.ts)
2025-05-27T16:02:52.786-03:00 - info: Users retrieved successfully: D:\Repository\presenceManager\backend\src\controller\user.controller.ts)
2025-05-27T16:02:52.857-03:00 - info: Users retrieved successfully: D:\Repository\presenceManager\backend\src\controller\user.controller.ts)
2025-05-27T16:02:52.906-03:00 - info: Users retrieved successfully: D:\Repository\presenceManager\backend\src\controller\user.controller.ts)
2025-05-27T16:02:52.960-03:00 - info: Users retrieved successfully: D:\Repository\presenceManager\backend\src\controller\user.controller.ts)
2025-05-27T16:02:53.008-03:00 - info: Users retrieved successfully: D:\Repository\presenceManager\backend\src\controller\user.controller.ts)
2025-05-27T16:02:53.061-03:00 - info: Users retrieved successfully: D:\Repository\presenceManager\backend\src\controller\user.controller.ts)
2025-05-27T16:02:53.107-03:00 - info: Users retrieved successfully: D:\Repository\presenceManager\backend\src\controller\user.controller.ts)
2025-05-27T16:02:53.154-03:00 - info: Users retrieved successfully: D:\Repository\presenceManager\backend\src\controller\user.controller.ts)
2025-05-27T16:02:53.203-03:00 - info: Users retrieved successfully: D:\Repository\presenceManager\backend\src\controller\user.controller.ts)
2025-05-27T16:02:53.252-03:00 - info: Users retrieved successfully: D:\Repository\presenceManager\backend\src\controller\user.controller.ts)
2025-05-27T16:02:53.303-03:00 - info: Users retrieved successfully: D:\Repository\presenceManager\backend\src\controller\user.controller.ts)
2025-05-27T16:02:53.351-03:00 - info: Users retrieved successfully: D:\Repository\presenceManager\backend\src\controller\user.controller.ts)
2025-05-27T16:02:53.405-03:00 - info: Users retrieved successfully: D:\Repository\presenceManager\backend\src\controller\user.controller.ts)
2025-05-27T16:02:53.449-03:00 - info: Users retrieved successfully: D:\Repository\presenceManager\backend\src\controller\user.controller.ts)
2025-05-27T16:02:53.496-03:00 - info: Users retrieved successfully: D:\Repository\presenceManager\backend\src\controller\user.controller.ts)
2025-05-27T16:02:53.551-03:00 - info: Users retrieved successfully: D:\Repository\presenceManager\backend\src\controller\user.controller.ts)
2025-05-27T16:02:53.598-03:00 - info: Users retrieved successfully: D:\Repository\presenceManager\backend\src\controller\user.controller.ts)
2025-05-27T16:02:53.664-03:00 - info: Users retrieved successfully: D:\Repository\presenceManager\backend\src\controller\user.controller.ts)
2025-05-27T16:02:53.715-03:00 - info: Users retrieved successfully: D:\Repository\presenceManager\backend\src\controller\user.controller.ts)
2025-05-27T16:02:53.767-03:00 - info: Users retrieved successfully: D:\Repository\presenceManager\backend\src\controller\user.controller.ts)
2025-05-27T16:02:53.822-03:00 - info: Users retrieved successfully: D:\Repository\presenceManager\backend\src\controller\user.controller.ts)
2025-05-27T16:02:53.872-03:00 - info: Users retrieved successfully: D:\Repository\presenceManager\backend\src\controller\user.controller.ts)
2025-05-27T16:02:53.977-03:00 - info: Users retrieved successfully: D:\Repository\presenceManager\backend\src\controller\user.controller.ts)
2025-05-27T16:02:54.031-03:00 - info: Users retrieved successfully: D:\Repository\presenceManager\backend\src\controller\user.controller.ts)
2025-05-27T16:02:54.086-03:00 - info: Users retrieved successfully: D:\Repository\presenceManager\backend\src\controller\user.controller.ts)
2025-05-27T16:02:54.136-03:00 - info: Users retrieved successfully: D:\Repository\presenceManager\backend\src\controller\user.controller.ts)
2025-05-27T16:02:54.194-03:00 - info: Users retrieved successfully: D:\Repository\presenceManager\backend\src\controller\user.controller.ts)
2025-05-27T16:02:54.247-03:00 - info: Users retrieved successfully: D:\Repository\presenceManager\backend\src\controller\user.controller.ts)
2025-05-27T16:02:54.292-03:00 - info: Users retrieved successfully: D:\Repository\presenceManager\backend\src\controller\user.controller.ts)
2025-05-27T16:02:54.346-03:00 - info: Users retrieved successfully: D:\Repository\presenceManager\backend\src\controller\user.controller.ts)
2025-05-27T16:02:54.392-03:00 - info: Users retrieved successfully: D:\Repository\presenceManager\backend\src\controller\user.controller.ts)
2025-05-27T16:02:54.442-03:00 - info: Users retrieved successfully: D:\Repository\presenceManager\backend\src\controller\user.controller.ts)
2025-05-27T16:02:54.491-03:00 - info: Users retrieved successfully: D:\Repository\presenceManager\backend\src\controller\user.controller.ts)
2025-05-27T16:02:54.540-03:00 - info: Users retrieved successfully: D:\Repository\presenceManager\backend\src\controller\user.controller.ts)
2025-05-27T16:02:54.594-03:00 - info: Users retrieved successfully: D:\Repository\presenceManager\backend\src\controller\user.controller.ts)
2025-05-27T16:02:54.648-03:00 - info: Users retrieved successfully: D:\Repository\presenceManager\backend\src\controller\user.controller.ts)
2025-05-27T16:02:54.702-03:00 - info: Users retrieved successfully: D:\Repository\presenceManager\backend\src\controller\user.controller.ts)
2025-05-27T16:02:54.747-03:00 - info: Users retrieved successfully: D:\Repository\presenceManager\backend\src\controller\user.controller.ts)
2025-05-27T16:02:54.804-03:00 - info: Users retrieved successfully: D:\Repository\presenceManager\backend\src\controller\user.controller.ts)
2025-05-27T16:02:54.853-03:00 - info: Users retrieved successfully: D:\Repository\presenceManager\backend\src\controller\user.controller.ts)
2025-05-27T16:02:54.903-03:00 - info: Users retrieved successfully: D:\Repository\presenceManager\backend\src\controller\user.controller.ts)
2025-05-27T16:02:54.967-03:00 - info: Users retrieved successfully: D:\Repository\presenceManager\backend\src\controller\user.controller.ts)
2025-05-27T16:02:55.016-03:00 - info: Users retrieved successfully: D:\Repository\presenceManager\backend\src\controller\user.controller.ts)
2025-05-27T16:02:55.067-03:00 - info: Users retrieved successfully: D:\Repository\presenceManager\backend\src\controller\user.controller.ts)
2025-05-27T16:02:55.114-03:00 - info: Users retrieved successfully: D:\Repository\presenceManager\backend\src\controller\user.controller.ts)
2025-05-27T16:02:55.165-03:00 - info: Users retrieved successfully: D:\Repository\presenceManager\backend\src\controller\user.controller.ts)
2025-05-27T16:02:55.217-03:00 - info: Users retrieved successfully: D:\Repository\presenceManager\backend\src\controller\user.controller.ts)
2025-05-27T16:02:55.265-03:00 - info: Users retrieved successfully: D:\Repository\presenceManager\backend\src\controller\user.controller.ts)
2025-05-27T16:02:55.318-03:00 - info: Users retrieved successfully: D:\Repository\presenceManager\backend\src\controller\user.controller.ts)
2025-05-27T16:02:55.367-03:00 - info: Users retrieved successfully: D:\Repository\presenceManager\backend\src\controller\user.controller.ts)
2025-05-27T16:02:55.425-03:00 - info: Users retrieved successfully: D:\Repository\presenceManager\backend\src\controller\user.controller.ts)
2025-05-27T16:02:55.473-03:00 - info: Users retrieved successfully: D:\Repository\presenceManager\backend\src\controller\user.controller.ts)
2025-05-27T16:02:55.528-03:00 - info: Users retrieved successfully: D:\Repository\presenceManager\backend\src\controller\user.controller.ts)
2025-05-27T16:02:55.589-03:00 - info: Users retrieved successfully: D:\Repository\presenceManager\backend\src\controller\user.controller.ts)
2025-05-27T16:02:55.640-03:00 - info: Users retrieved successfully: D:\Repository\presenceManager\backend\src\controller\user.controller.ts)
2025-05-27T16:02:55.695-03:00 - info: Users retrieved successfully: D:\Repository\presenceManager\backend\src\controller\user.controller.ts)
2025-05-27T16:02:55.747-03:00 - info: Users retrieved successfully: D:\Repository\presenceManager\backend\src\controller\user.controller.ts)
2025-05-27T16:02:55.802-03:00 - info: Users retrieved successfully: D:\Repository\presenceManager\backend\src\controller\user.controller.ts)
2025-05-27T16:02:55.851-03:00 - info: Users retrieved successfully: D:\Repository\presenceManager\backend\src\controller\user.controller.ts)
2025-05-27T16:02:55.903-03:00 - info: Users retrieved successfully: D:\Repository\presenceManager\backend\src\controller\user.controller.ts)
2025-05-27T16:02:55.954-03:00 - info: Users retrieved successfully: D:\Repository\presenceManager\backend\src\controller\user.controller.ts)
2025-05-27T16:02:56.046-03:00 - info: Users retrieved successfully: D:\Repository\presenceManager\backend\src\controller\user.controller.ts)
2025-05-27T16:02:56.094-03:00 - info: Users retrieved successfully: D:\Repository\presenceManager\backend\src\controller\user.controller.ts)
2025-05-27T16:02:56.154-03:00 - info: Users retrieved successfully: D:\Repository\presenceManager\backend\src\controller\user.controller.ts)
2025-05-27T16:02:56.208-03:00 - info: Users retrieved successfully: D:\Repository\presenceManager\backend\src\controller\user.controller.ts)
2025-05-27T16:02:56.255-03:00 - info: Users retrieved successfully: D:\Repository\presenceManager\backend\src\controller\user.controller.ts)
2025-05-27T16:02:56.301-03:00 - info: Users retrieved successfully: D:\Repository\presenceManager\backend\src\controller\user.controller.ts)
2025-05-27T16:02:56.359-03:00 - info: Users retrieved successfully: D:\Repository\presenceManager\backend\src\controller\user.controller.ts)
2025-05-27T16:02:56.634-03:00 - info: Users retrieved successfully: D:\Repository\presenceManager\backend\src\controller\user.controller.ts)
2025-05-27T16:02:56.721-03:00 - info: Users retrieved successfully: D:\Repository\presenceManager\backend\src\controller\user.controller.ts)
2025-05-27T16:02:56.784-03:00 - info: Users retrieved successfully: D:\Repository\presenceManager\backend\src\controller\user.controller.ts)
2025-05-27T16:02:56.836-03:00 - info: Users retrieved successfully: D:\Repository\presenceManager\backend\src\controller\user.controller.ts)
2025-05-27T16:02:56.886-03:00 - info: Users retrieved successfully: D:\Repository\presenceManager\backend\src\controller\user.controller.ts)
2025-05-27T16:02:56.934-03:00 - info: Users retrieved successfully: D:\Repository\presenceManager\backend\src\controller\user.controller.ts)
2025-05-27T16:02:56.987-03:00 - info: Users retrieved successfully: D:\Repository\presenceManager\backend\src\controller\user.controller.ts)
2025-05-27T16:02:57.033-03:00 - info: Users retrieved successfully: D:\Repository\presenceManager\backend\src\controller\user.controller.ts)
2025-05-27T16:02:57.084-03:00 - info: Users retrieved successfully: D:\Repository\presenceManager\backend\src\controller\user.controller.ts)
2025-05-27T16:02:57.134-03:00 - info: Users retrieved successfully: D:\Repository\presenceManager\backend\src\controller\user.controller.ts)
2025-05-27T16:02:57.182-03:00 - info: Users retrieved successfully: D:\Repository\presenceManager\backend\src\controller\user.controller.ts)
2025-05-27T16:02:57.238-03:00 - info: Users retrieved successfully: D:\Repository\presenceManager\backend\src\controller\user.controller.ts)
2025-05-27T16:02:57.285-03:00 - info: Users retrieved successfully: D:\Repository\presenceManager\backend\src\controller\user.controller.ts)
2025-05-27T16:02:57.341-03:00 - info: Users retrieved successfully: D:\Repository\presenceManager\backend\src\controller\user.controller.ts)
2025-05-27T16:02:57.387-03:00 - info: Users retrieved successfully: D:\Repository\presenceManager\backend\src\controller\user.controller.ts)
2025-05-27T16:02:57.440-03:00 - info: Users retrieved successfully: D:\Repository\presenceManager\backend\src\controller\user.controller.ts)
2025-05-27T16:02:57.492-03:00 - info: Users retrieved successfully: D:\Repository\presenceManager\backend\src\controller\user.controller.ts)
2025-05-27T16:02:57.542-03:00 - info: Users retrieved successfully: D:\Repository\presenceManager\backend\src\controller\user.controller.ts)
2025-05-27T16:02:57.598-03:00 - info: Users retrieved successfully: D:\Repository\presenceManager\backend\src\controller\user.controller.ts)
2025-05-27T16:02:57.644-03:00 - info: Users retrieved successfully: D:\Repository\presenceManager\backend\src\controller\user.controller.ts)
2025-05-27T16:02:57.694-03:00 - info: Users retrieved successfully: D:\Repository\presenceManager\backend\src\controller\user.controller.ts)
2025-05-27T16:02:57.743-03:00 - info: Users retrieved successfully: D:\Repository\presenceManager\backend\src\controller\user.controller.ts)
2025-05-27T16:02:57.789-03:00 - info: Users retrieved successfully: D:\Repository\presenceManager\backend\src\controller\user.controller.ts)
2025-05-27T16:02:57.849-03:00 - info: Users retrieved successfully: D:\Repository\presenceManager\backend\src\controller\user.controller.ts)
2025-05-27T16:02:57.894-03:00 - info: Users retrieved successfully: D:\Repository\presenceManager\backend\src\controller\user.controller.ts)
2025-05-27T16:02:57.947-03:00 - info: Users retrieved successfully: D:\Repository\presenceManager\backend\src\controller\user.controller.ts)
2025-05-27T16:02:57.997-03:00 - info: Users retrieved successfully: D:\Repository\presenceManager\backend\src\controller\user.controller.ts)
2025-05-27T16:02:58.046-03:00 - info: Users retrieved successfully: D:\Repository\presenceManager\backend\src\controller\user.controller.ts)
2025-05-27T16:02:58.098-03:00 - info: Users retrieved successfully: D:\Repository\presenceManager\backend\src\controller\user.controller.ts)
2025-05-27T16:02:58.142-03:00 - info: Users retrieved successfully: D:\Repository\presenceManager\backend\src\controller\user.controller.ts)
2025-05-27T16:02:58.192-03:00 - info: Users retrieved successfully: D:\Repository\presenceManager\backend\src\controller\user.controller.ts)
2025-05-27T16:02:58.236-03:00 - info: Users retrieved successfully: D:\Repository\presenceManager\backend\src\controller\user.controller.ts)
2025-05-27T16:02:58.287-03:00 - info: Users retrieved successfully: D:\Repository\presenceManager\backend\src\controller\user.controller.ts)
2025-05-27T16:02:58.340-03:00 - info: Users retrieved successfully: D:\Repository\presenceManager\backend\src\controller\user.controller.ts)
2025-05-27T16:02:58.397-03:00 - info: Users retrieved successfully: D:\Repository\presenceManager\backend\src\controller\user.controller.ts)
2025-05-27T16:02:58.465-03:00 - info: Users retrieved successfully: D:\Repository\presenceManager\backend\src\controller\user.controller.ts)
2025-05-27T16:02:58.512-03:00 - info: Users retrieved successfully: D:\Repository\presenceManager\backend\src\controller\user.controller.ts)
2025-05-27T16:02:58.565-03:00 - info: Users retrieved successfully: D:\Repository\presenceManager\backend\src\controller\user.controller.ts)
2025-05-27T16:02:58.616-03:00 - info: Users retrieved successfully: D:\Repository\presenceManager\backend\src\controller\user.controller.ts)
2025-05-27T16:02:58.670-03:00 - info: Users retrieved successfully: D:\Repository\presenceManager\backend\src\controller\user.controller.ts)
2025-05-27T16:02:58.720-03:00 - info: Users retrieved successfully: D:\Repository\presenceManager\backend\src\controller\user.controller.ts)
2025-05-27T16:02:58.762-03:00 - info: Users retrieved successfully: D:\Repository\presenceManager\backend\src\controller\user.controller.ts)
2025-05-27T16:02:58.816-03:00 - info: Users retrieved successfully: D:\Repository\presenceManager\backend\src\controller\user.controller.ts)
2025-05-27T16:02:58.874-03:00 - info: Users retrieved successfully: D:\Repository\presenceManager\backend\src\controller\user.controller.ts)
2025-05-27T16:02:58.925-03:00 - info: Users retrieved successfully: D:\Repository\presenceManager\backend\src\controller\user.controller.ts)
2025-05-27T16:02:58.974-03:00 - info: Users retrieved successfully: D:\Repository\presenceManager\backend\src\controller\user.controller.ts)
2025-05-27T16:02:59.020-03:00 - info: Users retrieved successfully: D:\Repository\presenceManager\backend\src\controller\user.controller.ts)
2025-05-27T16:02:59.078-03:00 - info: Users retrieved successfully: D:\Repository\presenceManager\backend\src\controller\user.controller.ts)
2025-05-27T16:02:59.131-03:00 - info: Users retrieved successfully: D:\Repository\presenceManager\backend\src\controller\user.controller.ts)
2025-05-27T16:02:59.184-03:00 - info: Users retrieved successfully: D:\Repository\presenceManager\backend\src\controller\user.controller.ts)
2025-05-27T16:02:59.230-03:00 - info: Users retrieved successfully: D:\Repository\presenceManager\backend\src\controller\user.controller.ts)
2025-05-27T16:02:59.284-03:00 - info: Users retrieved successfully: D:\Repository\presenceManager\backend\src\controller\user.controller.ts)
2025-05-27T16:02:59.333-03:00 - info: Users retrieved successfully: D:\Repository\presenceManager\backend\src\controller\user.controller.ts)
2025-05-27T16:02:59.379-03:00 - info: Users retrieved successfully: D:\Repository\presenceManager\backend\src\controller\user.controller.ts)
2025-05-27T16:02:59.433-03:00 - info: Users retrieved successfully: D:\Repository\presenceManager\backend\src\controller\user.controller.ts)
2025-05-27T16:02:59.512-03:00 - info: Users retrieved successfully: D:\Repository\presenceManager\backend\src\controller\user.controller.ts)
2025-05-27T16:02:59.575-03:00 - info: Users retrieved successfully: D:\Repository\presenceManager\backend\src\controller\user.controller.ts)
2025-05-27T16:02:59.629-03:00 - info: Users retrieved successfully: D:\Repository\presenceManager\backend\src\controller\user.controller.ts)
2025-05-27T16:02:59.686-03:00 - info: Users retrieved successfully: D:\Repository\presenceManager\backend\src\controller\user.controller.ts)
2025-05-27T16:02:59.736-03:00 - info: Users retrieved successfully: D:\Repository\presenceManager\backend\src\controller\user.controller.ts)
2025-05-27T16:02:59.784-03:00 - info: Users retrieved successfully: D:\Repository\presenceManager\backend\src\controller\user.controller.ts)
2025-05-27T16:02:59.848-03:00 - info: Users retrieved successfully: D:\Repository\presenceManager\backend\src\controller\user.controller.ts)
2025-05-27T16:02:59.898-03:00 - info: Users retrieved successfully: D:\Repository\presenceManager\backend\src\controller\user.controller.ts)
2025-05-27T16:02:59.948-03:00 - info: Users retrieved successfully: D:\Repository\presenceManager\backend\src\controller\user.controller.ts)
2025-05-27T16:02:59.997-03:00 - info: Users retrieved successfully: D:\Repository\presenceManager\backend\src\controller\user.controller.ts)
2025-05-27T16:03:00.048-03:00 - info: Users retrieved successfully: D:\Repository\presenceManager\backend\src\controller\user.controller.ts)
2025-05-27T16:03:00.101-03:00 - info: Users retrieved successfully: D:\Repository\presenceManager\backend\src\controller\user.controller.ts)
2025-05-27T16:03:00.149-03:00 - info: Users retrieved successfully: D:\Repository\presenceManager\backend\src\controller\user.controller.ts)
2025-05-27T16:03:00.205-03:00 - info: Users retrieved successfully: D:\Repository\presenceManager\backend\src\controller\user.controller.ts)
2025-05-27T16:03:00.252-03:00 - info: Users retrieved successfully: D:\Repository\presenceManager\backend\src\controller\user.controller.ts)
2025-05-27T16:03:00.305-03:00 - info: Users retrieved successfully: D:\Repository\presenceManager\backend\src\controller\user.controller.ts)
2025-05-27T16:03:00.367-03:00 - info: Users retrieved successfully: D:\Repository\presenceManager\backend\src\controller\user.controller.ts)
2025-05-27T16:03:00.415-03:00 - info: Users retrieved successfully: D:\Repository\presenceManager\backend\src\controller\user.controller.ts)
2025-05-27T16:03:00.467-03:00 - info: Users retrieved successfully: D:\Repository\presenceManager\backend\src\controller\user.controller.ts)
2025-05-27T16:03:00.515-03:00 - info: Users retrieved successfully: D:\Repository\presenceManager\backend\src\controller\user.controller.ts)
2025-05-27T16:03:00.567-03:00 - info: Users retrieved successfully: D:\Repository\presenceManager\backend\src\controller\user.controller.ts)
2025-05-27T16:03:00.612-03:00 - info: Users retrieved successfully: D:\Repository\presenceManager\backend\src\controller\user.controller.ts)
2025-05-27T16:03:00.663-03:00 - info: Users retrieved successfully: D:\Repository\presenceManager\backend\src\controller\user.controller.ts)
2025-05-27T16:03:00.721-03:00 - info: Users retrieved successfully: D:\Repository\presenceManager\backend\src\controller\user.controller.ts)
2025-05-27T16:03:00.770-03:00 - info: Users retrieved successfully: D:\Repository\presenceManager\backend\src\controller\user.controller.ts)
2025-05-27T16:03:00.828-03:00 - info: Users retrieved successfully: D:\Repository\presenceManager\backend\src\controller\user.controller.ts)
2025-05-27T16:03:00.872-03:00 - info: Users retrieved successfully: D:\Repository\presenceManager\backend\src\controller\user.controller.ts)
2025-05-27T16:03:00.925-03:00 - info: Users retrieved successfully: D:\Repository\presenceManager\backend\src\controller\user.controller.ts)
2025-05-27T16:03:00.972-03:00 - info: Users retrieved successfully: D:\Repository\presenceManager\backend\src\controller\user.controller.ts)
2025-05-27T16:03:01.020-03:00 - info: Users retrieved successfully: D:\Repository\presenceManager\backend\src\controller\user.controller.ts)
2025-05-27T16:03:01.071-03:00 - info: Users retrieved successfully: D:\Repository\presenceManager\backend\src\controller\user.controller.ts)
2025-05-27T16:03:01.117-03:00 - info: Users retrieved successfully: D:\Repository\presenceManager\backend\src\controller\user.controller.ts)
2025-05-27T16:03:01.167-03:00 - info: Users retrieved successfully: D:\Repository\presenceManager\backend\src\controller\user.controller.ts)
2025-05-27T16:03:01.218-03:00 - info: Users retrieved successfully: D:\Repository\presenceManager\backend\src\controller\user.controller.ts)
2025-05-27T16:03:01.269-03:00 - info: Users retrieved successfully: D:\Repository\presenceManager\backend\src\controller\user.controller.ts)
2025-05-27T16:03:01.321-03:00 - info: Users retrieved successfully: D:\Repository\presenceManager\backend\src\controller\user.controller.ts)
2025-05-27T16:03:01.376-03:00 - info: Users retrieved successfully: D:\Repository\presenceManager\backend\src\controller\user.controller.ts)
2025-05-27T16:03:01.431-03:00 - info: Users retrieved successfully: D:\Repository\presenceManager\backend\src\controller\user.controller.ts)
2025-05-27T16:03:01.480-03:00 - info: Users retrieved successfully: D:\Repository\presenceManager\backend\src\controller\user.controller.ts)
2025-05-27T16:03:01.531-03:00 - info: Users retrieved successfully: D:\Repository\presenceManager\backend\src\controller\user.controller.ts)
2025-05-27T16:03:01.585-03:00 - info: Users retrieved successfully: D:\Repository\presenceManager\backend\src\controller\user.controller.ts)
2025-05-27T16:03:01.633-03:00 - info: Users retrieved successfully: D:\Repository\presenceManager\backend\src\controller\user.controller.ts)
2025-05-27T16:03:01.686-03:00 - info: Users retrieved successfully: D:\Repository\presenceManager\backend\src\controller\user.controller.ts)
2025-05-27T16:03:01.736-03:00 - info: Users retrieved successfully: D:\Repository\presenceManager\backend\src\controller\user.controller.ts)
2025-05-27T16:03:01.794-03:00 - info: Users retrieved successfully: D:\Repository\presenceManager\backend\src\controller\user.controller.ts)
2025-05-27T16:03:01.850-03:00 - info: Users retrieved successfully: D:\Repository\presenceManager\backend\src\controller\user.controller.ts)
2025-05-27T16:03:01.902-03:00 - info: Users retrieved successfully: D:\Repository\presenceManager\backend\src\controller\user.controller.ts)
2025-05-27T16:03:01.957-03:00 - info: Users retrieved successfully: D:\Repository\presenceManager\backend\src\controller\user.controller.ts)
2025-05-27T16:03:02.005-03:00 - info: Users retrieved successfully: D:\Repository\presenceManager\backend\src\controller\user.controller.ts)
2025-05-27T16:03:02.067-03:00 - info: Users retrieved successfully: D:\Repository\presenceManager\backend\src\controller\user.controller.ts)
2025-05-27T16:03:02.119-03:00 - info: Users retrieved successfully: D:\Repository\presenceManager\backend\src\controller\user.controller.ts)
2025-05-27T16:03:02.187-03:00 - info: Users retrieved successfully: D:\Repository\presenceManager\backend\src\controller\user.controller.ts)
2025-05-27T16:03:02.239-03:00 - info: Users retrieved successfully: D:\Repository\presenceManager\backend\src\controller\user.controller.ts)
2025-05-27T16:03:02.283-03:00 - info: Users retrieved successfully: D:\Repository\presenceManager\backend\src\controller\user.controller.ts)
2025-05-27T16:03:02.334-03:00 - info: Users retrieved successfully: D:\Repository\presenceManager\backend\src\controller\user.controller.ts)
2025-05-27T16:03:02.385-03:00 - info: Users retrieved successfully: D:\Repository\presenceManager\backend\src\controller\user.controller.ts)
2025-05-27T16:03:02.435-03:00 - info: Users retrieved successfully: D:\Repository\presenceManager\backend\src\controller\user.controller.ts)
2025-05-27T16:03:02.485-03:00 - info: Users retrieved successfully: D:\Repository\presenceManager\backend\src\controller\user.controller.ts)
2025-05-27T16:03:02.539-03:00 - info: Users retrieved successfully: D:\Repository\presenceManager\backend\src\controller\user.controller.ts)
2025-05-27T16:03:02.592-03:00 - info: Users retrieved successfully: D:\Repository\presenceManager\backend\src\controller\user.controller.ts)
2025-05-27T16:03:02.651-03:00 - info: Users retrieved successfully: D:\Repository\presenceManager\backend\src\controller\user.controller.ts)
2025-05-27T16:03:02.707-03:00 - info: Users retrieved successfully: D:\Repository\presenceManager\backend\src\controller\user.controller.ts)
2025-05-27T16:03:02.759-03:00 - info: Users retrieved successfully: D:\Repository\presenceManager\backend\src\controller\user.controller.ts)
2025-05-27T16:03:02.835-03:00 - info: Users retrieved successfully: D:\Repository\presenceManager\backend\src\controller\user.controller.ts)
2025-05-27T16:03:02.884-03:00 - info: Users retrieved successfully: D:\Repository\presenceManager\backend\src\controller\user.controller.ts)
2025-05-27T16:03:02.941-03:00 - info: Users retrieved successfully: D:\Repository\presenceManager\backend\src\controller\user.controller.ts)
2025-05-27T16:03:03.044-03:00 - info: Users retrieved successfully: D:\Repository\presenceManager\backend\src\controller\user.controller.ts)
2025-05-27T16:03:03.182-03:00 - info: Users retrieved successfully: D:\Repository\presenceManager\backend\src\controller\user.controller.ts)
2025-05-27T16:03:03.273-03:00 - info: Users retrieved successfully: D:\Repository\presenceManager\backend\src\controller\user.controller.ts)
2025-05-27T16:03:03.351-03:00 - info: Users retrieved successfully: D:\Repository\presenceManager\backend\src\controller\user.controller.ts)
2025-05-27T16:03:03.417-03:00 - info: Users retrieved successfully: D:\Repository\presenceManager\backend\src\controller\user.controller.ts)
2025-05-27T16:03:03.479-03:00 - info: Users retrieved successfully: D:\Repository\presenceManager\backend\src\controller\user.controller.ts)
2025-05-27T16:03:03.538-03:00 - info: Users retrieved successfully: D:\Repository\presenceManager\backend\src\controller\user.controller.ts)
2025-05-27T16:03:03.629-03:00 - info: Users retrieved successfully: D:\Repository\presenceManager\backend\src\controller\user.controller.ts)
2025-05-27T16:03:03.699-03:00 - info: Users retrieved successfully: D:\Repository\presenceManager\backend\src\controller\user.controller.ts)
2025-05-27T16:03:03.775-03:00 - info: Users retrieved successfully: D:\Repository\presenceManager\backend\src\controller\user.controller.ts)
2025-05-27T16:03:03.877-03:00 - info: Users retrieved successfully: D:\Repository\presenceManager\backend\src\controller\user.controller.ts)
2025-05-27T16:03:04.031-03:00 - info: Users retrieved successfully: D:\Repository\presenceManager\backend\src\controller\user.controller.ts)
2025-05-27T16:03:04.091-03:00 - info: Users retrieved successfully: D:\Repository\presenceManager\backend\src\controller\user.controller.ts)
2025-05-27T16:03:04.158-03:00 - info: Users retrieved successfully: D:\Repository\presenceManager\backend\src\controller\user.controller.ts)
2025-05-27T16:03:04.218-03:00 - info: Users retrieved successfully: D:\Repository\presenceManager\backend\src\controller\user.controller.ts)
2025-05-27T16:03:04.272-03:00 - info: Users retrieved successfully: D:\Repository\presenceManager\backend\src\controller\user.controller.ts)
2025-05-27T16:03:04.327-03:00 - info: Users retrieved successfully: D:\Repository\presenceManager\backend\src\controller\user.controller.ts)
2025-05-27T16:03:04.381-03:00 - info: Users retrieved successfully: D:\Repository\presenceManager\backend\src\controller\user.controller.ts)
2025-05-27T16:03:04.424-03:00 - info: Users retrieved successfully: D:\Repository\presenceManager\backend\src\controller\user.controller.ts)
2025-05-27T16:03:04.477-03:00 - info: Users retrieved successfully: D:\Repository\presenceManager\backend\src\controller\user.controller.ts)
2025-05-27T16:03:04.540-03:00 - info: Users retrieved successfully: D:\Repository\presenceManager\backend\src\controller\user.controller.ts)
2025-05-27T16:03:04.603-03:00 - info: Users retrieved successfully: D:\Repository\presenceManager\backend\src\controller\user.controller.ts)
2025-05-27T16:03:04.653-03:00 - info: Users retrieved successfully: D:\Repository\presenceManager\backend\src\controller\user.controller.ts)
2025-05-27T16:03:04.704-03:00 - info: Users retrieved successfully: D:\Repository\presenceManager\backend\src\controller\user.controller.ts)
2025-05-27T16:03:04.757-03:00 - info: Users retrieved successfully: D:\Repository\presenceManager\backend\src\controller\user.controller.ts)
2025-05-27T16:03:04.801-03:00 - info: Users retrieved successfully: D:\Repository\presenceManager\backend\src\controller\user.controller.ts)
2025-05-27T16:03:04.852-03:00 - info: Users retrieved successfully: D:\Repository\presenceManager\backend\src\controller\user.controller.ts)
2025-05-27T16:03:04.896-03:00 - info: Users retrieved successfully: D:\Repository\presenceManager\backend\src\controller\user.controller.ts)
2025-05-27T16:03:04.945-03:00 - info: Users retrieved successfully: D:\Repository\presenceManager\backend\src\controller\user.controller.ts)
2025-05-27T16:03:04.995-03:00 - info: Users retrieved successfully: D:\Repository\presenceManager\backend\src\controller\user.controller.ts)
2025-05-27T16:03:05.038-03:00 - info: Users retrieved successfully: D:\Repository\presenceManager\backend\src\controller\user.controller.ts)
2025-05-27T16:03:05.086-03:00 - info: Users retrieved successfully: D:\Repository\presenceManager\backend\src\controller\user.controller.ts)
2025-05-27T16:03:05.138-03:00 - info: Users retrieved successfully: D:\Repository\presenceManager\backend\src\controller\user.controller.ts)
2025-05-27T16:03:05.195-03:00 - info: Users retrieved successfully: D:\Repository\presenceManager\backend\src\controller\user.controller.ts)
2025-05-27T16:03:05.253-03:00 - info: Users retrieved successfully: D:\Repository\presenceManager\backend\src\controller\user.controller.ts)
2025-05-27T16:03:05.312-03:00 - info: Users retrieved successfully: D:\Repository\presenceManager\backend\src\controller\user.controller.ts)
2025-05-27T16:03:05.367-03:00 - info: Users retrieved successfully: D:\Repository\presenceManager\backend\src\controller\user.controller.ts)
2025-05-27T16:03:05.438-03:00 - info: Users retrieved successfully: D:\Repository\presenceManager\backend\src\controller\user.controller.ts)
2025-05-27T16:03:05.501-03:00 - info: Users retrieved successfully: D:\Repository\presenceManager\backend\src\controller\user.controller.ts)
2025-05-27T16:03:05.550-03:00 - info: Users retrieved successfully: D:\Repository\presenceManager\backend\src\controller\user.controller.ts)
2025-05-27T16:03:05.614-03:00 - info: Users retrieved successfully: D:\Repository\presenceManager\backend\src\controller\user.controller.ts)
2025-05-27T16:06:00.735-03:00 - info: Users retrieved successfully: D:\Repository\presenceManager\backend\src\controller\user.controller.ts)
2025-05-27T16:06:02.608-03:00 - info: Users retrieved successfully: D:\Repository\presenceManager\backend\src\controller\user.controller.ts)
2025-05-27T16:06:40.018-03:00 - info: Users retrieved successfully: D:\Repository\presenceManager\backend\src\controller\user.controller.ts)
2025-05-27T16:08:40.554-03:00 - info: Users retrieved successfully: D:\Repository\presenceManager\backend\src\controller\user.controller.ts)
2025-05-27T16:09:43.056-03:00 - info: Users retrieved successfully: D:\Repository\presenceManager\backend\src\controller\user.controller.ts)
2025-05-27T16:09:43.062-03:00 - info: Users retrieved successfully: D:\Repository\presenceManager\backend\src\controller\user.controller.ts)
2025-05-27T16:09:43.236-03:00 - info: Users retrieved successfully: D:\Repository\presenceManager\backend\src\controller\user.controller.ts)
2025-05-27T16:09:43.237-03:00 - info: Users retrieved successfully: D:\Repository\presenceManager\backend\src\controller\user.controller.ts)
2025-05-27T16:10:08.071-03:00 - info: Users retrieved successfully: D:\Repository\presenceManager\backend\src\controller\user.controller.ts)
2025-05-27T16:10:08.155-03:00 - info: Users retrieved successfully: D:\Repository\presenceManager\backend\src\controller\user.controller.ts)
2025-05-27T16:10:14.522-03:00 - info: Users retrieved successfully: D:\Repository\presenceManager\backend\src\controller\user.controller.ts)
2025-05-27T16:10:14.604-03:00 - info: Users retrieved successfully: D:\Repository\presenceManager\backend\src\controller\user.controller.ts)
2025-05-27T16:10:17.435-03:00 - info: Users retrieved successfully: D:\Repository\presenceManager\backend\src\controller\user.controller.ts)
2025-05-27T16:10:17.532-03:00 - info: Users retrieved successfully: D:\Repository\presenceManager\backend\src\controller\user.controller.ts)
2025-05-27T16:11:04.257-03:00 - info: Users retrieved successfully: D:\Repository\presenceManager\backend\src\controller\user.controller.ts)
2025-05-27T16:11:07.046-03:00 - info: Users retrieved successfully: D:\Repository\presenceManager\backend\src\controller\user.controller.ts)
2025-05-27T16:11:53.746-03:00 - info: Users retrieved successfully: D:\Repository\presenceManager\backend\src\controller\user.controller.ts)
2025-05-27T16:11:53.862-03:00 - info: Users retrieved successfully: D:\Repository\presenceManager\backend\src\controller\user.controller.ts)
2025-05-27T16:12:00.707-03:00 - info: Users retrieved successfully: D:\Repository\presenceManager\backend\src\controller\user.controller.ts)
2025-05-27T16:12:00.793-03:00 - info: Users retrieved successfully: D:\Repository\presenceManager\backend\src\controller\user.controller.ts)
2025-05-27T16:12:01.468-03:00 - info: Users retrieved successfully: D:\Repository\presenceManager\backend\src\controller\user.controller.ts)
2025-05-27T16:12:01.550-03:00 - info: Users retrieved successfully: D:\Repository\presenceManager\backend\src\controller\user.controller.ts)
2025-05-27T16:12:09.579-03:00 - info: Users retrieved successfully: D:\Repository\presenceManager\backend\src\controller\user.controller.ts)
2025-05-27T16:12:09.683-03:00 - info: Users retrieved successfully: D:\Repository\presenceManager\backend\src\controller\user.controller.ts)
2025-05-27T16:12:15.308-03:00 - info: Users retrieved successfully: D:\Repository\presenceManager\backend\src\controller\user.controller.ts)
2025-05-27T16:12:19.561-03:00 - info: Users retrieved successfully: D:\Repository\presenceManager\backend\src\controller\user.controller.ts)
2025-05-27T16:12:20.641-03:00 - info: Users retrieved successfully: D:\Repository\presenceManager\backend\src\controller\user.controller.ts)
2025-05-27T16:13:45.848-03:00 - info: Users retrieved successfully: D:\Repository\presenceManager\backend\src\controller\user.controller.ts)
2025-05-27T16:13:45.932-03:00 - info: Users retrieved successfully: D:\Repository\presenceManager\backend\src\controller\user.controller.ts)
2025-05-27T16:14:08.052-03:00 - info: Users retrieved successfully: D:\Repository\presenceManager\backend\src\controller\user.controller.ts)
2025-05-27T16:14:08.135-03:00 - info: Users retrieved successfully: D:\Repository\presenceManager\backend\src\controller\user.controller.ts)
2025-05-27T16:14:15.348-03:00 - info: Users retrieved successfully: D:\Repository\presenceManager\backend\src\controller\user.controller.ts)
2025-05-27T16:16:26.903-03:00 - info: Users retrieved successfully: D:\Repository\presenceManager\backend\src\controller\user.controller.ts)
2025-05-27T16:22:11.663-03:00 - info: Users retrieved successfully: D:\Repository\presenceManager\backend\src\controller\user.controller.ts)
